<?xml version="1.0" encoding="UTF-8"?>
<!-- Generated by org.testng.reporters.JUnitReportReporter -->
<testsuite hostname="NbIzul" name="bahaso.AppTest" tests="1" failures="0" timestamp="10 Dec 2015 08:34:12 GMT" time="40.896" errors="0">
  <testcase name="test" time="40.896" classname="bahaso.AppTest"/>
</testsuite> <!-- bahaso.AppTest -->
