<?xml version="1.0" encoding="UTF-8"?>
<!-- Generated by org.testng.reporters.JUnitReportReporter -->
<testsuite skipped="0" hostname="BahasoComputer" name="bahaso.testing.web.Reg" tests="1" failures="0" timestamp="7 Nov 2016 10:01:03 GMT" time="9.885" errors="0">
  <testcase name="RegisterCorrect" time="9.885" classname="bahaso.testing.web.Reg"/>
</testsuite> <!-- bahaso.testing.web.Reg -->
