<?xml version="1.0" encoding="UTF-8"?>
<!-- Generated by org.testng.reporters.JUnitReportReporter -->
<testsuite skipped="0" hostname="BahasoComputer" name="bahaso.testing.general.cobamongo" tests="1" failures="0" timestamp="18 Jan 2017 07:46:14 GMT" time="0.044" errors="0">
  <testcase name="test" time="0.044" classname="bahaso.testing.general.cobamongo"/>
</testsuite> <!-- bahaso.testing.general.cobamongo -->
