<?xml version="1.0" encoding="UTF-8"?>
<!-- Generated by org.testng.reporters.JUnitReportReporter -->
<testsuite skipped="0" hostname="BahasoComputer" name="bahaso.testing.web.Register" tests="1" failures="0" timestamp="8 Nov 2016 04:14:07 GMT" time="7.390" errors="0">
  <testcase name="RegisterCorrect" time="7.390" classname="bahaso.testing.web.Register"/>
</testsuite> <!-- bahaso.testing.web.Register -->
